<?xml version="1.0" encoding="UTF-8"?>
<testsuite xmlns:xsi="http://www.w3.org/2001/XMLSchema-instance" xsi:noNamespaceSchemaLocation="https://maven.apache.org/surefire/maven-surefire-plugin/xsd/surefire-test-report.xsd" name="com.mycompany.app.CalculatorTest" time="0.422" tests="5" errors="0" skipped="0" failures="0">
  <properties>
    <property name="sun.desktop" value="gnome"/>
    <property name="awt.toolkit" value="sun.awt.X11.XToolkit"/>
    <property name="file.encoding.pkg" value="sun.io"/>
    <property name="java.specification.version" value="1.8"/>
    <property name="sun.cpu.isalist" value=""/>
    <property name="sun.jnu.encoding" value="UTF-8"/>
    <property name="java.class.path" value="/home/linux/Desktop/ITC-9/Mher_Melqonyan/Homeworks/TestNG/Testing/my-app/target/test-classes:/home/linux/Desktop/ITC-9/Mher_Melqonyan/Homeworks/TestNG/Testing/my-app/target/classes:/home/linux/.m2/repository/org/testng/testng/6.8.8/testng-6.8.8.jar:/home/linux/.m2/repository/org/beanshell/bsh/2.0b4/bsh-2.0b4.jar:/home/linux/.m2/repository/com/beust/jcommander/1.27/jcommander-1.27.jar:/home/linux/.m2/repository/org/apache/maven/surefire/surefire-testng-utils/2.22.0/surefire-testng-utils-2.22.0.jar:/home/linux/.m2/repository/org/apache/maven/surefire/surefire-grouper/2.22.0/surefire-grouper-2.22.0.jar:"/>
    <property name="java.vm.vendor" value="Oracle Corporation"/>
    <property name="sun.arch.data.model" value="64"/>
    <property name="java.vendor.url" value="http://java.oracle.com/"/>
    <property name="user.timezone" value=""/>
    <property name="java.vm.specification.version" value="1.8"/>
    <property name="os.name" value="Linux"/>
    <property name="user.country" value="US"/>
    <property name="sun.java.launcher" value="SUN_STANDARD"/>
    <property name="sun.boot.library.path" value="/usr/lib/jvm/java-8-oracle/jre/lib/amd64"/>
    <property name="sun.java.command" value="/home/linux/Desktop/ITC-9/Mher_Melqonyan/Homeworks/TestNG/Testing/my-app/target/surefire/surefirebooter1437515870592134668.jar /home/linux/Desktop/ITC-9/Mher_Melqonyan/Homeworks/TestNG/Testing/my-app/target/surefire 2018-07-19T14-38-38_434-jvmRun1 surefire1921342310147618514tmp surefire_08575883928534140176tmp"/>
    <property name="surefire.test.class.path" value="/home/linux/Desktop/ITC-9/Mher_Melqonyan/Homeworks/TestNG/Testing/my-app/target/test-classes:/home/linux/Desktop/ITC-9/Mher_Melqonyan/Homeworks/TestNG/Testing/my-app/target/classes:/home/linux/.m2/repository/org/testng/testng/6.8.8/testng-6.8.8.jar:/home/linux/.m2/repository/org/beanshell/bsh/2.0b4/bsh-2.0b4.jar:/home/linux/.m2/repository/com/beust/jcommander/1.27/jcommander-1.27.jar:/home/linux/.m2/repository/org/apache/maven/surefire/surefire-testng-utils/2.22.0/surefire-testng-utils-2.22.0.jar:/home/linux/.m2/repository/org/apache/maven/surefire/surefire-grouper/2.22.0/surefire-grouper-2.22.0.jar:"/>
    <property name="sun.cpu.endian" value="little"/>
    <property name="user.home" value="/home/linux"/>
    <property name="user.language" value="en"/>
    <property name="java.specification.vendor" value="Oracle Corporation"/>
    <property name="java.home" value="/usr/lib/jvm/java-8-oracle/jre"/>
    <property name="basedir" value="/home/linux/Desktop/ITC-9/Mher_Melqonyan/Homeworks/TestNG/Testing/my-app"/>
    <property name="file.separator" value="/"/>
    <property name="line.separator" value="&#10;"/>
    <property name="java.vm.specification.vendor" value="Oracle Corporation"/>
    <property name="java.specification.name" value="Java Platform API Specification"/>
    <property name="java.awt.graphicsenv" value="sun.awt.X11GraphicsEnvironment"/>
    <property name="surefire.real.class.path" value="/home/linux/Desktop/ITC-9/Mher_Melqonyan/Homeworks/TestNG/Testing/my-app/target/surefire/surefirebooter1437515870592134668.jar"/>
    <property name="sun.boot.class.path" value="/usr/lib/jvm/java-8-oracle/jre/lib/resources.jar:/usr/lib/jvm/java-8-oracle/jre/lib/rt.jar:/usr/lib/jvm/java-8-oracle/jre/lib/sunrsasign.jar:/usr/lib/jvm/java-8-oracle/jre/lib/jsse.jar:/usr/lib/jvm/java-8-oracle/jre/lib/jce.jar:/usr/lib/jvm/java-8-oracle/jre/lib/charsets.jar:/usr/lib/jvm/java-8-oracle/jre/lib/jfr.jar:/usr/lib/jvm/java-8-oracle/jre/classes"/>
    <property name="sun.management.compiler" value="HotSpot 64-Bit Tiered Compilers"/>
    <property name="java.runtime.version" value="1.8.0_171-b11"/>
    <property name="user.name" value="linux"/>
    <property name="path.separator" value=":"/>
    <property name="os.version" value="4.15.0-24-generic"/>
    <property name="java.endorsed.dirs" value="/usr/lib/jvm/java-8-oracle/jre/lib/endorsed"/>
    <property name="java.runtime.name" value="Java(TM) SE Runtime Environment"/>
    <property name="file.encoding" value="UTF-8"/>
    <property name="java.vm.name" value="Java HotSpot(TM) 64-Bit Server VM"/>
    <property name="localRepository" value="/home/linux/.m2/repository"/>
    <property name="java.vendor.url.bug" value="http://bugreport.sun.com/bugreport/"/>
    <property name="java.io.tmpdir" value="/tmp"/>
    <property name="java.version" value="1.8.0_171"/>
    <property name="user.dir" value="/home/linux/Desktop/ITC-9/Mher_Melqonyan/Homeworks/TestNG/Testing/my-app"/>
    <property name="os.arch" value="amd64"/>
    <property name="java.vm.specification.name" value="Java Virtual Machine Specification"/>
    <property name="java.awt.printerjob" value="sun.print.PSPrinterJob"/>
    <property name="sun.os.patch.level" value="unknown"/>
    <property name="java.library.path" value="/usr/java/packages/lib/amd64:/usr/lib64:/lib64:/lib:/usr/lib"/>
    <property name="java.vm.info" value="mixed mode"/>
    <property name="java.vendor" value="Oracle Corporation"/>
    <property name="java.vm.version" value="25.171-b11"/>
    <property name="java.ext.dirs" value="/usr/lib/jvm/java-8-oracle/jre/lib/ext:/usr/java/packages/lib/ext"/>
    <property name="sun.io.unicode.encoding" value="UnicodeLittle"/>
    <property name="java.class.version" value="52.0"/>
  </properties>
  <testcase name="test" classname="com.mycompany.app.CalculatorTest" time="0.008"/>
  <testcase name="testAddDouble" classname="com.mycompany.app.CalculatorTest" time="0"/>
  <testcase name="testAddInts" classname="com.mycompany.app.CalculatorTest" time="0"/>
  <testcase name="testMulFloats" classname="com.mycompany.app.CalculatorTest" time="0.001"/>
  <testcase name="testSubInt" classname="com.mycompany.app.CalculatorTest" time="0"/>
</testsuite>