<?xml version="1.0" encoding="UTF-8"?>
<!-- Generated by org.testng.reporters.JUnitReportReporter -->
<testsuite hostname="linux-SATELLITE-C55-A-136" name="com.mycompany.app.CalculatorTest" tests="5" failures="0" timestamp="19 Jul 2018 10:38:39 GMT" time="0.011" errors="0">
  <testcase name="testAddInts" time="0.003" classname="com.mycompany.app.CalculatorTest"/>
  <testcase name="testSubInt" time="0.002" classname="com.mycompany.app.CalculatorTest"/>
  <testcase name="test" time="0.005" classname="com.mycompany.app.CalculatorTest"/>
  <testcase name="testMulFloats" time="0.001" classname="com.mycompany.app.CalculatorTest"/>
  <testcase name="testAddDouble" time="0.000" classname="com.mycompany.app.CalculatorTest"/>
</testsuite> <!-- com.mycompany.app.CalculatorTest -->
