<?xml version="1.0" encoding="UTF-8"?>
<!-- Generated by org.testng.reporters.JUnitReportReporter -->
<testsuite skipped="0" hostname="linux-SATELLITE-C55-A-136" name="com.mycompany.app.AppTest" tests="2" failures="0" timestamp="20 Jul 2018 07:38:40 GMT" time="0.017" errors="0">
  <testcase name="testSize" time="0.001" classname="com.mycompany.app.AppTest"/>
  <testcase name="testDoubleSize" time="0.016" classname="com.mycompany.app.AppTest"/>
</testsuite> <!-- com.mycompany.app.AppTest -->
