<?xml version="1.0" encoding="UTF-8"?>
<!-- Generated by org.testng.reporters.JUnitReportReporter -->
<testsuite hostname="miqo93" name="com.itc.mvn.AppTest" tests="1" failures="0" timestamp="17 Jul 2018 22:07:31 GMT" time="0.002" errors="0">
  <testcase name="isEqualTest" time="0.002" classname="com.itc.mvn.AppTest"/>
</testsuite> <!-- com.itc.mvn.AppTest -->
